<?xml version="1.0" encoding="UTF-8"?>
<!-- Generated by org.testng.reporters.JUnitReportReporter -->
<testsuite skipped="0" hostname="LAPTOP-COQHVDGR" name="com.jbk.test.DashboardTest" tests="23" failures="1" timestamp="20 May 2021 18:06:16 GMT" time="17.241" errors="0">
  <testcase name="verifyUrl" time="0.010" classname="com.jbk.test.DashboardTest"/>
  <testcase name="verifyTitle" time="0.005" classname="com.jbk.test.DashboardTest"/>
  <testcase name="verifyCornerHeading" time="0.062" classname="com.jbk.test.DashboardTest"/>
  <testcase name="verifyMainHeading" time="0.032" classname="com.jbk.test.DashboardTest"/>
  <testcase name="verifyUserImage" time="0.117" classname="com.jbk.test.DashboardTest"/>
  <testcase name="verifyUserName" time="0.034" classname="com.jbk.test.DashboardTest"/>
  <testcase name="verifyUserStatus" time="0.026" classname="com.jbk.test.DashboardTest"/>
  <testcase name="verifynavigationMenuText" time="0.074" classname="com.jbk.test.DashboardTest"/>
  <testcase name="verifyUsersMenu" time="0.272" classname="com.jbk.test.DashboardTest"/>
  <testcase name="verifyOperatorsMenu" time="0.318" classname="com.jbk.test.DashboardTest"/>
  <testcase name="verifyUsefulLinksMenu" time="0.322" classname="com.jbk.test.DashboardTest"/>
  <testcase name="verifyDownloadsMenu" time="0.321" classname="com.jbk.test.DashboardTest"/>
  <testcase name="verifyLeftCornerLogOutMenu" time="0.452" classname="com.jbk.test.DashboardTest"/>
  <testcase name="verifyRightCornerLogOutLink" time="0.400" classname="com.jbk.test.DashboardTest"/>
  <testcase name="verifyCoursesHeading" time="0.066" classname="com.jbk.test.DashboardTest"/>
  <testcase name="verifyCoursesSubHeading" time="0.040" classname="com.jbk.test.DashboardTest"/>
  <testcase name="verifyCoursesMoreInfo" time="0.049" classname="com.jbk.test.DashboardTest"/>
  <testcase name="verifyMoreInfoNewWindow" time="9.895" classname="com.jbk.test.DashboardTest"/>
  <testcase name="verifyFooterStatement" time="0.034" classname="com.jbk.test.DashboardTest"/>
  <testcase name="verifyJBK_Link" time="3.156" classname="com.jbk.test.DashboardTest">
    <failure type="java.lang.AssertionError" message="expected [true] but found [false]">
      <![CDATA[java.lang.AssertionError: expected [true] but found [false]
at org.testng.Assert.fail(Assert.java:96)
at org.testng.Assert.failNotEquals(Assert.java:776)
at org.testng.Assert.assertTrue(Assert.java:44)
at org.testng.Assert.assertTrue(Assert.java:54)
at com.jbk.test.DashboardTest.verifyJBK_Link(DashboardTest.java:142)
at sun.reflect.NativeMethodAccessorImpl.invoke0(Native Method)
at sun.reflect.NativeMethodAccessorImpl.invoke(Unknown Source)
at sun.reflect.DelegatingMethodAccessorImpl.invoke(Unknown Source)
at java.lang.reflect.Method.invoke(Unknown Source)
at org.testng.internal.MethodInvocationHelper.invokeMethod(MethodInvocationHelper.java:124)
at org.testng.internal.Invoker.invokeMethod(Invoker.java:583)
at org.testng.internal.Invoker.invokeTestMethod(Invoker.java:719)
at org.testng.internal.Invoker.invokeTestMethods(Invoker.java:989)
at org.testng.internal.TestMethodWorker.invokeTestMethods(TestMethodWorker.java:125)
at org.testng.internal.TestMethodWorker.run(TestMethodWorker.java:109)
at org.testng.TestRunner.privateRun(TestRunner.java:648)
at org.testng.TestRunner.run(TestRunner.java:505)
at org.testng.SuiteRunner.runTest(SuiteRunner.java:455)
at org.testng.SuiteRunner.runSequentially(SuiteRunner.java:450)
at org.testng.SuiteRunner.privateRun(SuiteRunner.java:415)
at org.testng.SuiteRunner.run(SuiteRunner.java:364)
at org.testng.SuiteRunnerWorker.runSuite(SuiteRunnerWorker.java:52)
at org.testng.SuiteRunnerWorker.run(SuiteRunnerWorker.java:84)
at org.testng.TestNG.runSuitesSequentially(TestNG.java:1208)
at org.testng.TestNG.runSuitesLocally(TestNG.java:1137)
at org.testng.TestNG.runSuites(TestNG.java:1049)
at org.testng.TestNG.run(TestNG.java:1017)
at org.testng.remote.AbstractRemoteTestNG.run(AbstractRemoteTestNG.java:132)
at org.testng.remote.RemoteTestNG.initAndRun(RemoteTestNG.java:236)
at org.testng.remote.RemoteTestNG.main(RemoteTestNG.java:81)
]]>
    </failure>
  </testcase> <!-- verifyJBK_Link -->
  <testcase name="verifySequence" time="0.038" classname="com.jbk.test.DashboardTest"/>
  <testcase name="verifyCourseHeading" time="1.356" classname="com.jbk.test.DashboardTest"/>
  <testcase name="verifyCourseSubHeading" time="0.162" classname="com.jbk.test.DashboardTest"/>
</testsuite> <!-- com.jbk.test.DashboardTest -->
